[11:31:03.183] [INFO] Running automigrations
[11:31:03.185] [DEBUG] Extracting storybook data...
[11:31:03.185] [DEBUG] Getting Storybook info...
[11:31:03.198] [ERROR] [38;2;241;97;97mSB_CORE-SERVER_0006 (MainFileMissingError): No configuration files have been found in your configDir: [33m.storybook[39m.
Storybook needs a "main.js|ts" file, please add it.

You can pass a --config-dir flag to tell Storybook, where your main.js|ts file is located at.

More info: https://storybook.js.org/docs/configure?ref=error
[39m
    at validateConfigurationFiles (file:///Users/athulraj/.npm/_npx/3ae731e0fbcbedd1/node_modules/storybook/dist/_node-chunks/chunk-H4PWFMMO.js:9971:11)
    at async loadMainConfig (file:///Users/athulraj/.npm/_npx/3ae731e0fbcbedd1/node_modules/storybook/dist/_node-chunks/chunk-H4PWFMMO.js:11700:3)
    at async getStorybookInfo (file:///Users/athulraj/.npm/_npx/3ae731e0fbcbedd1/node_modules/storybook/dist/_node-chunks/chunk-H4PWFMMO.js:11823:59)
    at async getStorybookData (file:///Users/athulraj/.npm/_npx/3ae731e0fbcbedd1/node_modules/@storybook/cli/dist/_node-chunks/chunk-2NCNRFOW.js:170:7)
    at async doAutomigrate (file:///Users/athulraj/.npm/_npx/3ae731e0fbcbedd1/node_modules/@storybook/cli/dist/_node-chunks/run-7LEO2IWT.js:7763:7)
    at async file:///Users/athulraj/.npm/_npx/3ae731e0fbcbedd1/node_modules/@storybook/cli/dist/_node-chunks/run-7LEO2IWT.js:9727:90
    at async withTelemetry (file:///Users/athulraj/.npm/_npx/3ae731e0fbcbedd1/node_modules/storybook/dist/_node-chunks/chunk-UYONHJJP.js:225:12)
[11:31:03.201] [INFO] Storybook collects completely anonymous usage telemetry. We use it to shape Storybook's roadmap and prioritize features. You can learn more, including how to opt out, at https://storybook.js.org/telemetry
[11:31:04.414] [ERROR] SB_CORE-SERVER_0006 (MainFileMissingError): No configuration files have been found in your configDir: [33m.storybook[39m.
Storybook needs a "main.js|ts" file, please add it.

You can pass a --config-dir flag to tell Storybook, where your main.js|ts file is located at.

More info: https://storybook.js.org/docs/configure?ref=error
